Build started 11/2/2014 7:19:52 PM.
     1>Project "C:\Users\Hrishi\Desktop\IT276\Abyss\Abyss.vcxproj" on node 2 (build target(s)).
     1>C:\Program Files (x86)\MSBuild\Microsoft.Cpp\v4.0\Microsoft.CppBuild.targets(299,5): warning MSB8004: Output Directory does not end with a trailing slash.  This build instance will add the slash as it is required to allow proper evaluation of the Output Directory.
     1>InitializeBuildStatus:
         Touching "Release\Abyss.unsuccessfulbuild".
       ClCompile:
         c:\Program Files (x86)\Microsoft Visual Studio 10.0\VC\bin\CL.exe /c /Zi /nologo /W3 /WX- /O2 /Oy- /D WIN32 /D NDEBUG /D _WINDOWS /Gm- /EHsc /MD /GS /fp:precise /Zc:wchar_t /Zc:forScope /Fo"Release\\" /Fd"Release\vc100.pdb" /Gd /TP /analyze- /errorReport:prompt src\audio.cpp
         audio.cpp
     1>src\audio.cpp(36): warning C4996: 'strcpy': This function or variable may be unsafe. Consider using strcpy_s instead. To disable deprecation, use _CRT_SECURE_NO_WARNINGS. See online help for details.
                 c:\Program Files (x86)\Microsoft Visual Studio 10.0\VC\include\string.h(105) : see declaration of 'strcpy'
     1>src\audio.cpp(73): warning C4996: 'strcpy': This function or variable may be unsafe. Consider using strcpy_s instead. To disable deprecation, use _CRT_SECURE_NO_WARNINGS. See online help for details.
                 c:\Program Files (x86)\Microsoft Visual Studio 10.0\VC\include\string.h(105) : see declaration of 'strcpy'
     1>src\audio.cpp(103): warning C4996: 'strcpy': This function or variable may be unsafe. Consider using strcpy_s instead. To disable deprecation, use _CRT_SECURE_NO_WARNINGS. See online help for details.
                 c:\Program Files (x86)\Microsoft Visual Studio 10.0\VC\include\string.h(105) : see declaration of 'strcpy'
       ManifestResourceCompile:
         All outputs are up-to-date.
       Link:
         c:\Program Files (x86)\Microsoft Visual Studio 10.0\VC\bin\link.exe /ERRORREPORT:PROMPT /OUT:".\Abyss.exe" /INCREMENTAL /NOLOGO SDL.lib SDLmain.lib SDL_ttf.lib SDL_mixer.lib SDL_image.lib SDL_net.lib kernel32.lib user32.lib gdi32.lib winspool.lib comdlg32.lib advapi32.lib shell32.lib ole32.lib oleaut32.lib uuid.lib odbc32.lib odbccp32.lib /MANIFEST /ManifestFile:"Release\Abyss.exe.intermediate.manifest" /MANIFESTUAC:"level='asInvoker' uiAccess='false'" /DEBUG /PDB:"C:\Users\Hrishi\Desktop\IT276\Abyss\Abyss.pdb" /SUBSYSTEM:WINDOWS /OPT:REF /OPT:ICF /TLBID:1 /DYNAMICBASE /NXCOMPAT /IMPLIB:".\Abyss.lib" /MACHINE:X86 Release\Abyss.exe.embed.manifest.res
         Release\audio.obj
         Release\entity.obj
         Release\game.obj
         Release\graphics.obj
         Release\menu.obj
         Release\particle.obj
         Release\player.obj
         Release\projectiles.obj
         Release\space.obj
         Release\spawn.obj
         Release\weapon.obj
         Release\window.obj
     1>LINK : warning LNK4075: ignoring '/INCREMENTAL' due to '/OPT:ICF' specification
     1>window.obj : error LNK2001: unresolved external symbol "void __cdecl DrawText(char *,struct SDL_Surface *,int,int,unsigned int,int)" (?DrawText@@YAXPADPAUSDL_Surface@@HHIH@Z)
     1>entity.obj : error LNK2019: unresolved external symbol "void __cdecl DrawText(char *,struct SDL_Surface *,int,int,unsigned int,int)" (?DrawText@@YAXPADPAUSDL_Surface@@HHIH@Z) referenced in function "void __cdecl DrawBuckets(void)" (?DrawBuckets@@YAXXZ)
     1>game.obj : error LNK2001: unresolved external symbol "void __cdecl DrawText(char *,struct SDL_Surface *,int,int,unsigned int,int)" (?DrawText@@YAXPADPAUSDL_Surface@@HHIH@Z)
     1>menu.obj : error LNK2001: unresolved external symbol "void __cdecl DrawText(char *,struct SDL_Surface *,int,int,unsigned int,int)" (?DrawText@@YAXPADPAUSDL_Surface@@HHIH@Z)
     1>player.obj : error LNK2001: unresolved external symbol "void __cdecl DrawText(char *,struct SDL_Surface *,int,int,unsigned int,int)" (?DrawText@@YAXPADPAUSDL_Surface@@HHIH@Z)
     1>game.obj : error LNK2019: unresolved external symbol "void __cdecl NewMessage(char *,unsigned int)" (?NewMessage@@YAXPADI@Z) referenced in function "void __cdecl GiveInfo(void)" (?GiveInfo@@YAXXZ)
     1>menu.obj : error LNK2001: unresolved external symbol "void __cdecl NewMessage(char *,unsigned int)" (?NewMessage@@YAXPADI@Z)
     1>game.obj : error LNK2019: unresolved external symbol "void __cdecl DrawMessages(void)" (?DrawMessages@@YAXXZ) referenced in function "void __cdecl Draw_ALL(void)" (?Draw_ALL@@YAXXZ)
     1>menu.obj : error LNK2001: unresolved external symbol "void __cdecl DrawMessages(void)" (?DrawMessages@@YAXXZ)
     1>game.obj : error LNK2019: unresolved external symbol "void __cdecl InitMessages(void)" (?InitMessages@@YAXXZ) referenced in function "void __cdecl Init_All(void)" (?Init_All@@YAXXZ)
     1>game.obj : error LNK2019: unresolved external symbol "void __cdecl LoadFonts(void)" (?LoadFonts@@YAXXZ) referenced in function "void __cdecl Init_All(void)" (?Init_All@@YAXXZ)
     1>menu.obj : error LNK2019: unresolved external symbol "void __cdecl DrawTextCentered(char *,struct SDL_Surface *,int,int,unsigned int,int)" (?DrawTextCentered@@YAXPADPAUSDL_Surface@@HHIH@Z) referenced in function "void __cdecl DrawDashboard(void)" (?DrawDashboard@@YAXXZ)
     1>window.obj : error LNK2001: unresolved external symbol "void __cdecl DrawTextCentered(char *,struct SDL_Surface *,int,int,unsigned int,int)" (?DrawTextCentered@@YAXPADPAUSDL_Surface@@HHIH@Z)
     1>.\Abyss.exe : fatal error LNK1120: 6 unresolved externals
     1>Done Building Project "C:\Users\Hrishi\Desktop\IT276\Abyss\Abyss.vcxproj" (build target(s)) -- FAILED.

Build FAILED.

Time Elapsed 00:00:00.23
